Performing C SOURCE FILE Test CMAKE_HAVE_LIBC_PTHREAD failed with the following output:
Change Dir: /home/jhannah/zeus/cmake-build-debug/CMakeFiles/CMakeTmp

Run Build Command(s):/usr/bin/make cmTC_2e0dc/fast && /usr/bin/make -f CMakeFiles/cmTC_2e0dc.dir/build.make CMakeFiles/cmTC_2e0dc.dir/build
make[1]: Entering directory '/home/jhannah/zeus/cmake-build-debug/CMakeFiles/CMakeTmp'
Building C object CMakeFiles/cmTC_2e0dc.dir/src.c.o
/usr/bin/gcc-9   -DCMAKE_HAVE_LIBC_PTHREAD   -o CMakeFiles/cmTC_2e0dc.dir/src.c.o   -c /home/jhannah/zeus/cmake-build-debug/CMakeFiles/CMakeTmp/src.c
Linking C executable cmTC_2e0dc
/snap/clion/103/bin/cmake/linux/bin/cmake -E cmake_link_script CMakeFiles/cmTC_2e0dc.dir/link.txt --verbose=1
/usr/bin/gcc-9  -DCMAKE_HAVE_LIBC_PTHREAD    CMakeFiles/cmTC_2e0dc.dir/src.c.o  -o cmTC_2e0dc 
CMakeFiles/cmTC_2e0dc.dir/src.c.o: In function `main':
src.c:(.text+0x3e): undefined reference to `pthread_create'
src.c:(.text+0x4a): undefined reference to `pthread_detach'
src.c:(.text+0x5b): undefined reference to `pthread_join'
src.c:(.text+0x6f): undefined reference to `pthread_atfork'
collect2: error: ld returned 1 exit status
CMakeFiles/cmTC_2e0dc.dir/build.make:86: recipe for target 'cmTC_2e0dc' failed
make[1]: *** [cmTC_2e0dc] Error 1
make[1]: Leaving directory '/home/jhannah/zeus/cmake-build-debug/CMakeFiles/CMakeTmp'
Makefile:121: recipe for target 'cmTC_2e0dc/fast' failed
make: *** [cmTC_2e0dc/fast] Error 2


Source file was:
#include <pthread.h>

void* test_func(void* data)
{
  return data;
}

int main(void)
{
  pthread_t thread;
  pthread_create(&thread, NULL, test_func, NULL);
  pthread_detach(thread);
  pthread_join(thread, NULL);
  pthread_atfork(NULL, NULL, NULL);
  pthread_exit(NULL);

  return 0;
}

Determining if the function pthread_create exists in the pthreads failed with the following output:
Change Dir: /home/jhannah/zeus/cmake-build-debug/CMakeFiles/CMakeTmp

Run Build Command(s):/usr/bin/make cmTC_2452c/fast && /usr/bin/make -f CMakeFiles/cmTC_2452c.dir/build.make CMakeFiles/cmTC_2452c.dir/build
make[1]: Entering directory '/home/jhannah/zeus/cmake-build-debug/CMakeFiles/CMakeTmp'
Building C object CMakeFiles/cmTC_2452c.dir/CheckFunctionExists.c.o
/usr/bin/gcc-9   -DCHECK_FUNCTION_EXISTS=pthread_create   -o CMakeFiles/cmTC_2452c.dir/CheckFunctionExists.c.o   -c /snap/clion/103/bin/cmake/linux/share/cmake-3.15/Modules/CheckFunctionExists.c
Linking C executable cmTC_2452c
/snap/clion/103/bin/cmake/linux/bin/cmake -E cmake_link_script CMakeFiles/cmTC_2452c.dir/link.txt --verbose=1
/usr/bin/gcc-9  -DCHECK_FUNCTION_EXISTS=pthread_create    CMakeFiles/cmTC_2452c.dir/CheckFunctionExists.c.o  -o cmTC_2452c -lpthreads 
/usr/bin/ld: cannot find -lpthreads
collect2: error: ld returned 1 exit status
CMakeFiles/cmTC_2452c.dir/build.make:86: recipe for target 'cmTC_2452c' failed
make[1]: *** [cmTC_2452c] Error 1
make[1]: Leaving directory '/home/jhannah/zeus/cmake-build-debug/CMakeFiles/CMakeTmp'
Makefile:121: recipe for target 'cmTC_2452c/fast' failed
make: *** [cmTC_2452c/fast] Error 2



